<?xml version='1.0'?>
<ns2:test-suite xmlns:ns2='urn:model.allure.qatools.yandex.ru' start='1680644773513' stop='1680644793653'>
    <name>Shop-Delete Feature</name>
    <title>Shop-Delete Feature</title>
    <test-cases>
        <test-case start='1680644787134' status='passed' stop='1680644790205'>
            <name>Add Products Items from Inventory Table</name>
            <title>Add Products Items from Inventory Table</title>
            <labels/>
            <parameters/>
            <steps/>
            <attachments/>
        </test-case>
        <test-case start='1680644790205' status='failed' stop='1680644792227'>
            <name>Delete Item from CartBadge</name>
            <title>Delete Item from CartBadge</title>
            <labels/>
            <parameters/>
            <steps/>
            <attachments/>
            <failure>
                <message>Error: expect(received).toBeTruthy()
                
                Received: undefined</message>
                <stack-trace>Error: expect(received).toBeTruthy()
                
                Received: undefined
                    at D:\karen-proyecto-final-automation\tests\shopp-delete.test.ts:34:34
                    at Generator.next (&lt;anonymous>)
                    at fulfilled (D:\karen-proyecto-final-automation\tests\shopp-delete.test.ts:5:58)</stack-trace>
            </failure>
        </test-case>
        <test-case start='1680644792227' status='failed' stop='1680644792949'>
            <name>Logout the page</name>
            <title>Logout the page</title>
            <labels/>
            <parameters/>
            <steps/>
            <attachments/>
            <failure>
                <message>Error: expect(received).toBeTruthy()
                
                Received: undefined</message>
                <stack-trace>Error: expect(received).toBeTruthy()
                
                Received: undefined
                    at D:\karen-proyecto-final-automation\tests\shopp-delete.test.ts:40:35
                    at Generator.next (&lt;anonymous>)
                    at fulfilled (D:\karen-proyecto-final-automation\tests\shopp-delete.test.ts:5:58)</stack-trace>
            </failure>
        </test-case>
    </test-cases>
</ns2:test-suite>