TN:
SF:src\core\driver.ts
FN:11,Driver
FN:13,start
FN:24,get Page
FN:27,getInstance
FN:33,isElementDisplayed
FN:38,closeDriver
FN:43,browserFactory
FNF:7
FNH:7
FNDA:1,Driver
FNDA:1,start
FNDA:11,get Page
FNDA:1,getInstance
FNDA:3,isElementDisplayed
FNDA:1,closeDriver
FNDA:1,browserFactory
DA:1,1
DA:2,1
DA:3,1
DA:4,1
DA:5,1
DA:6,1
DA:7,1
DA:8,1
DA:9,1
DA:10,1
DA:11,1
DA:12,1
DA:13,1
DA:14,1
DA:15,1
DA:16,1
DA:17,1
DA:18,1
DA:19,1
DA:20,1
DA:21,1
DA:22,1
DA:23,1
DA:24,1
DA:25,11
DA:26,11
DA:27,1
DA:28,1
DA:29,1
DA:30,1
DA:31,1
DA:32,1
DA:33,1
DA:34,3
DA:35,3
DA:36,3
DA:37,3
DA:38,1
DA:39,1
DA:40,1
DA:41,1
DA:42,1
DA:43,1
DA:44,1
DA:45,1
DA:46,1
DA:47,1
DA:48,1
DA:49,1
DA:50,0
DA:51,0
DA:52,1
DA:53,1
DA:54,1
DA:55,1
LF:55
LH:53
BRDA:11,0,0,1
BRDA:13,1,0,1
BRDA:24,2,0,11
BRDA:27,3,0,1
BRDA:33,4,0,3
BRDA:38,5,0,1
BRDA:43,6,0,1
BRDA:49,7,0,0
BRF:8
BRH:7
end_of_record
TN:
SF:src\pages\base-pages.ts
FN:5,BasePage
FN:9,getUrl
FN:13,navigateTo
FN:16,getPageTitle
FNF:4
FNH:2
FNDA:4,BasePage
FNDA:0,getUrl
FNDA:1,navigateTo
FNDA:0,getPageTitle
DA:1,1
DA:2,1
DA:3,1
DA:4,1
DA:5,1
DA:6,4
DA:7,4
DA:8,1
DA:9,1
DA:10,0
DA:11,0
DA:12,1
DA:13,1
DA:14,1
DA:15,1
DA:16,1
DA:17,1
LF:17
LH:15
BRDA:5,0,0,4
BRDA:13,1,0,1
BRF:2
BRH:2
end_of_record
TN:
SF:src\pages\checkout-page.ts
FN:7,CheckoutPage
FN:10,checkoutPage
FN:14,validateLoginTab
FNF:3
FNH:3
FNDA:1,CheckoutPage
FNDA:1,checkoutPage
FNDA:1,validateLoginTab
DA:1,1
DA:2,1
DA:3,1
DA:4,1
DA:5,1
DA:6,1
DA:7,1
DA:8,1
DA:9,1
DA:10,1
DA:11,1
DA:12,1
DA:13,1
DA:14,1
DA:15,1
DA:16,1
DA:17,1
DA:18,1
LF:18
LH:18
BRDA:7,0,0,1
BRDA:10,1,0,1
BRDA:14,2,0,1
BRF:3
BRH:3
end_of_record
TN:
SF:src\pages\inventory-page.ts
FN:7,InventoryPage
FN:11,InventoryPage.itemNameButton
FN:12,InventoryPage.itemAddCartButton
FN:18,addToCartItem
FN:25,validateItemAdded
FN:30,getTotalshopping
FN:36,deleteItem
FN:41,clickplaceOrderButton
FNF:8
FNH:6
FNDA:1,InventoryPage
FNDA:1,InventoryPage.itemNameButton
FNDA:1,InventoryPage.itemAddCartButton
FNDA:1,addToCartItem
FNDA:2,validateItemAdded
FNDA:0,getTotalshopping
FNDA:1,deleteItem
FNDA:0,clickplaceOrderButton
DA:1,1
DA:2,1
DA:3,1
DA:4,1
DA:5,1
DA:6,1
DA:7,1
DA:8,1
DA:9,1
DA:10,1
DA:11,1
DA:12,1
DA:13,1
DA:14,1
DA:15,1
DA:16,1
DA:17,1
DA:18,1
DA:19,1
DA:20,1
DA:21,1
DA:22,1
DA:23,1
DA:24,1
DA:25,1
DA:26,2
DA:27,2
DA:28,2
DA:29,1
DA:30,1
DA:31,0
DA:32,0
DA:33,0
DA:34,0
DA:35,1
DA:36,1
DA:37,1
DA:38,1
DA:39,1
DA:40,1
DA:41,1
DA:42,0
DA:43,0
DA:44,1
LF:44
LH:38
BRDA:7,0,0,1
BRDA:11,1,0,1
BRDA:12,2,0,1
BRDA:18,3,0,1
BRDA:25,4,0,2
BRDA:36,5,0,1
BRF:6
BRH:6
end_of_record
TN:
SF:src\pages\login.ts
FN:11,Login
FN:14,login
FN:24,validatelogin
FNF:3
FNH:2
FNDA:2,Login
FNDA:1,login
FNDA:0,validatelogin
DA:1,1
DA:2,1
DA:3,1
DA:4,1
DA:5,1
DA:6,1
DA:7,1
DA:8,1
DA:9,1
DA:10,1
DA:11,1
DA:12,2
DA:13,2
DA:14,1
DA:15,1
DA:16,1
DA:17,1
DA:18,1
DA:19,1
DA:20,1
DA:21,1
DA:22,1
DA:23,1
DA:24,1
DA:25,0
DA:26,0
DA:27,0
DA:28,1
DA:29,1
LF:29
LH:26
BRDA:11,0,0,2
BRDA:14,1,0,1
BRF:2
BRH:2
end_of_record
