TN:
SF:user-data.ts
FNF:0
FNH:0
DA:1,1
DA:2,1
DA:3,1
DA:4,1
DA:5,1
DA:6,1
DA:7,1
DA:8,1
DA:9,1
DA:10,1
DA:11,1
DA:12,1
DA:13,1
DA:14,1
DA:15,1
DA:16,1
DA:17,1
DA:18,1
DA:19,1
DA:20,1
DA:21,1
LF:21
LH:21
BRF:0
BRH:0
end_of_record
TN:
SF:src\core\driver.ts
FN:11,Driver
FN:13,start
FN:24,get Page
FN:27,getInstance
FN:33,isElementDisplayed
FN:38,closeDriver
FN:43,browserFactory
FNF:7
FNH:6
FNDA:3,Driver
FNDA:3,start
FNDA:42,get Page
FNDA:3,getInstance
FNDA:0,isElementDisplayed
FNDA:3,closeDriver
FNDA:3,browserFactory
DA:1,1
DA:2,1
DA:3,1
DA:4,1
DA:5,1
DA:6,1
DA:7,1
DA:8,1
DA:9,1
DA:10,1
DA:11,1
DA:12,1
DA:13,1
DA:14,3
DA:15,3
DA:16,3
DA:17,3
DA:18,3
DA:19,3
DA:20,3
DA:21,3
DA:22,3
DA:23,1
DA:24,1
DA:25,42
DA:26,42
DA:27,1
DA:28,3
DA:29,3
DA:30,3
DA:31,3
DA:32,3
DA:33,1
DA:34,0
DA:35,0
DA:36,0
DA:37,0
DA:38,1
DA:39,3
DA:40,3
DA:41,3
DA:42,1
DA:43,1
DA:44,3
DA:45,3
DA:46,3
DA:47,3
DA:48,3
DA:49,3
DA:50,0
DA:51,0
DA:52,3
DA:53,3
DA:54,1
DA:55,1
LF:55
LH:49
BRDA:11,0,0,3
BRDA:13,1,0,3
BRDA:24,2,0,42
BRDA:27,3,0,3
BRDA:38,4,0,3
BRDA:43,5,0,3
BRDA:49,6,0,0
BRF:7
BRH:6
end_of_record
TN:
SF:src\core\element-actions.ts
FN:5,clickElement
FN:8,isLocatorVisible
FN:11,getText
FN:14,setTex
FN:17,wait
FNF:5
FNH:3
FNDA:17,clickElement
FNDA:0,isLocatorVisible
FNDA:0,getText
FNDA:12,setTex
FNDA:3,wait
DA:1,1
DA:2,1
DA:3,1
DA:4,1
DA:5,1
DA:6,17
DA:7,17
DA:8,1
DA:9,0
DA:10,0
DA:11,1
DA:12,0
DA:13,0
DA:14,1
DA:15,12
DA:16,12
DA:17,1
DA:18,3
DA:19,3
DA:20,3
DA:21,1
DA:22,1
LF:22
LH:18
BRDA:5,0,0,17
BRDA:14,1,0,12
BRDA:17,2,0,3
BRF:3
BRH:3
end_of_record
TN:
SF:src\pages\base-pages.ts
FN:5,BasePage
FN:9,getUrl
FN:13,navigateTo
FN:16,getPageTitle
FNF:4
FNH:2
FNDA:11,BasePage
FNDA:0,getUrl
FNDA:3,navigateTo
FNDA:0,getPageTitle
DA:1,1
DA:2,1
DA:3,1
DA:4,1
DA:5,1
DA:6,11
DA:7,11
DA:8,1
DA:9,1
DA:10,0
DA:11,0
DA:12,1
DA:13,1
DA:14,3
DA:15,3
DA:16,1
DA:17,1
LF:17
LH:15
BRDA:5,0,0,11
BRDA:13,1,0,3
BRF:2
BRH:2
end_of_record
TN:
SF:src\pages\checkout-page.ts
FN:9,CheckoutPage
FN:12,checkoutPage
FN:16,validateLoginTab
FNF:3
FNH:3
FNDA:1,CheckoutPage
FNDA:1,checkoutPage
FNDA:1,validateLoginTab
DA:1,1
DA:2,1
DA:3,1
DA:4,1
DA:5,1
DA:6,1
DA:7,1
DA:8,1
DA:9,1
DA:10,1
DA:11,1
DA:12,1
DA:13,1
DA:14,1
DA:15,1
DA:16,1
DA:17,1
DA:18,1
DA:19,1
DA:20,1
LF:20
LH:20
BRDA:9,0,0,1
BRDA:12,1,0,1
BRDA:16,2,0,1
BRF:3
BRH:3
end_of_record
TN:
SF:src\pages\inventory-page.ts
FN:9,InventoryPage
FN:13,InventoryPage.itemNameButton
FN:14,InventoryPage.itemAddCartButton
FN:20,addToCartItem
FN:27,getTotalshopping
FN:33,deleteItem
FN:38,clickplaceOrderButton
FN:42,validateItemAdded
FNF:8
FNH:7
FNDA:2,InventoryPage
FNDA:2,InventoryPage.itemNameButton
FNDA:2,InventoryPage.itemAddCartButton
FNDA:2,addToCartItem
FNDA:0,getTotalshopping
FNDA:1,deleteItem
FNDA:1,clickplaceOrderButton
FNDA:3,validateItemAdded
DA:1,1
DA:2,1
DA:3,1
DA:4,1
DA:5,1
DA:6,1
DA:7,1
DA:8,1
DA:9,1
DA:10,2
DA:11,2
DA:12,1
DA:13,1
DA:14,1
DA:15,1
DA:16,1
DA:17,1
DA:18,1
DA:19,1
DA:20,1
DA:21,2
DA:22,2
DA:23,2
DA:24,2
DA:25,2
DA:26,1
DA:27,1
DA:28,0
DA:29,0
DA:30,0
DA:31,0
DA:32,1
DA:33,1
DA:34,1
DA:35,1
DA:36,1
DA:37,1
DA:38,1
DA:39,1
DA:40,1
DA:41,1
DA:42,1
DA:43,3
DA:44,3
DA:45,3
DA:46,1
LF:46
LH:42
BRDA:9,0,0,2
BRDA:13,1,0,2
BRDA:14,2,0,2
BRDA:20,3,0,2
BRDA:33,4,0,1
BRDA:38,5,0,1
BRDA:42,6,0,3
BRF:7
BRH:7
end_of_record
TN:
SF:src\pages\login.ts
FN:12,Login
FN:15,login
FN:25,validatelogin
FNF:3
FNH:3
FNDA:6,Login
FNDA:3,login
FNDA:1,validatelogin
DA:1,1
DA:2,1
DA:3,1
DA:4,1
DA:5,1
DA:6,1
DA:7,1
DA:8,1
DA:9,1
DA:10,1
DA:11,1
DA:12,1
DA:13,6
DA:14,6
DA:15,1
DA:16,3
DA:17,3
DA:18,3
DA:19,3
DA:20,3
DA:21,3
DA:22,3
DA:23,3
DA:24,1
DA:25,1
DA:26,1
DA:27,1
DA:28,1
DA:29,1
DA:30,1
LF:30
LH:30
BRDA:12,0,0,6
BRDA:15,1,0,3
BRDA:25,2,0,1
BRF:3
BRH:3
end_of_record
TN:
SF:src\pages\place-order.ts
FN:17,PlaceOrder
FN:20,placeOrder
FN:31,clickOkButton
FN:36,validatePurchaseButton
FN:41,getCompleteOrderMessage
FNF:5
FNH:5
FNDA:2,PlaceOrder
FNDA:1,placeOrder
FNDA:1,clickOkButton
FNDA:1,validatePurchaseButton
FNDA:1,getCompleteOrderMessage
DA:1,1
DA:2,1
DA:3,1
DA:4,1
DA:5,1
DA:6,1
DA:7,1
DA:8,1
DA:9,1
DA:10,1
DA:11,1
DA:12,1
DA:13,1
DA:14,1
DA:15,1
DA:16,1
DA:17,1
DA:18,2
DA:19,2
DA:20,1
DA:21,1
DA:22,1
DA:23,1
DA:24,1
DA:25,1
DA:26,1
DA:27,1
DA:28,1
DA:29,1
DA:30,1
DA:31,1
DA:32,1
DA:33,1
DA:34,1
DA:35,1
DA:36,1
DA:37,1
DA:38,1
DA:39,1
DA:40,1
DA:41,1
DA:42,1
DA:43,1
DA:44,1
DA:45,1
DA:46,1
LF:46
LH:46
BRDA:17,0,0,2
BRDA:20,1,0,1
BRDA:31,2,0,1
BRDA:36,3,0,1
BRDA:41,4,0,1
BRF:5
BRH:5
end_of_record
